<?xml version="1.0" encoding="UTF-8"?>
<!-- Generated by org.testng.reporters.JUnitXMLReporter -->
<testsuite hostname="DESKTOP-EPD9G6H" ignored="0" name="Test" tests="10" failures="0" timestamp="11 Dec 2021 14:51:25 GMT" time="30.029" errors="0">
  <testcase name="verifyname" time="8.193" classname="com.test.Test1"/>
  <testcase name="verifyadd" time="0.978" classname="com.test.Test1"/>
  <testcase name="verifymailphone" time="1.741" classname="com.test.Test1"/>
  <testcase name="verifymaicheck" time="3.569" classname="com.test.Test1"/>
  <testcase name="verifytext" time="1.794" classname="com.test.Test1"/>
  <testcase name="verifypass" time="0.366" classname="com.test.Test1"/>
  <testcase name="verifycpass" time="0.341" classname="com.test.Test1"/>
  <testcase name="verifycount" time="4.35" classname="com.test.Test1"/>
  <testcase name="verifyimage" time="0.123" classname="com.test.Test1"/>
  <testcase name="verifyclick" time="7.973" classname="com.test.Test1"/>
</testsuite> <!-- Test -->
