<?xml version="1.0" encoding="UTF-8"?>
<!-- Generated by org.testng.reporters.JUnitXMLReporter -->
<testsuite hostname="DESKTOP-EPD9G6H" ignored="9" name="Default test" tests="1" failures="0" timestamp="11 Dec 2021 14:43:51 GMT" time="6.576" errors="0">
  <testcase name="verifyclick" time="6.512" classname="com.test.Test1"/>
  <testcase name="verifyname" time="0.0" classname="com.test.Test1">
    <ignored/>
  </testcase> <!-- verifyname -->
  <testcase name="verifytext" time="0.0" classname="com.test.Test1">
    <ignored/>
  </testcase> <!-- verifytext -->
  <testcase name="verifyimage" time="0.0" classname="com.test.Test1">
    <ignored/>
  </testcase> <!-- verifyimage -->
  <testcase name="verifycpass" time="0.0" classname="com.test.Test1">
    <ignored/>
  </testcase> <!-- verifycpass -->
  <testcase name="verifymailphone" time="0.0" classname="com.test.Test1">
    <ignored/>
  </testcase> <!-- verifymailphone -->
  <testcase name="verifyadd" time="0.0" classname="com.test.Test1">
    <ignored/>
  </testcase> <!-- verifyadd -->
  <testcase name="verifymaicheck" time="0.0" classname="com.test.Test1">
    <ignored/>
  </testcase> <!-- verifymaicheck -->
  <testcase name="verifycount" time="0.0" classname="com.test.Test1">
    <ignored/>
  </testcase> <!-- verifycount -->
  <testcase name="verifypass" time="0.0" classname="com.test.Test1">
    <ignored/>
  </testcase> <!-- verifypass -->
</testsuite> <!-- Default test -->
