<?xml version="1.0" encoding="UTF-8"?>
<testng-results skipped="0" failed="0" ignored="9" total="10" passed="1">
  <reporter-output>
  </reporter-output>
  <suite name="Default suite" duration-ms="6576" started-at="2021-12-11T14:43:44Z" finished-at="2021-12-11T14:43:51Z">
    <groups>
    </groups>
    <test name="Default test" duration-ms="6576" started-at="2021-12-11T14:43:44Z" finished-at="2021-12-11T14:43:51Z">
      <class name="com.test.Test1">
        <test-method status="PASS" signature="browserSetup()[pri:0, instance:com.test.Test1@731a74c]" name="browserSetup" is-config="true" duration-ms="23572" started-at="2021-12-11T14:43:21Z" finished-at="2021-12-11T14:43:44Z">
          <reporter-output>
          </reporter-output>
        </test-method> <!-- browserSetup -->
        <test-method status="PASS" signature="verifyclick()[pri:10, instance:com.test.Test1@731a74c]" name="verifyclick" duration-ms="6512" started-at="2021-12-11T14:43:44Z" finished-at="2021-12-11T14:43:51Z">
          <reporter-output>
          </reporter-output>
        </test-method> <!-- verifyclick -->
      </class> <!-- com.test.Test1 -->
    </test> <!-- Default test -->
  </suite> <!-- Default suite -->
</testng-results>
