<?xml version="1.0" encoding="UTF-8"?>
<testsuite xmlns:xsi="http://www.w3.org/2001/XMLSchema-instance" xsi:noNamespaceSchemaLocation="https://maven.apache.org/surefire/maven-surefire-plugin/xsd/surefire-test-report-3.0.xsd" version="3.0" name="TestSuite" time="81.953" tests="10" errors="0" skipped="0" failures="0">
  <properties>
[...]
</properties>
  <testcase name="verifyname" classname="com.test.Test1" time="8.165">
    <system-out><![CDATA[12-11-2021 06:50:10 TestBase.java INFO  [main] testbase.TestBase 32 - reading a property from property file
12-11-2021 06:50:10 TestBase.java INFO  [main] testbase.TestBase 42 - value found in the property filr for the browser
12-11-2021 06:50:10 TestBase.java INFO  [main] testbase.TestBase 55 - initialising a browser with namechrome
12-11-2021 06:50:10 TestBase.java INFO  [main] testbase.TestBase 32 - reading a property from property file
12-11-2021 06:50:10 TestBase.java INFO  [main] testbase.TestBase 42 - value found in the property filr for the browser
12-11-2021 06:50:27 TestBase.java INFO  [main] testbase.TestBase 47 - launching an application
12-11-2021 06:50:27 TestBase.java INFO  [main] testbase.TestBase 32 - reading a property from property file
12-11-2021 06:50:27 TestBase.java INFO  [main] testbase.TestBase 42 - value found in the property filr for the url
12-11-2021 06:50:55 Listeners.java INFO  [main] testbase.TestBase 42 - test suite is startedTest
12-11-2021 06:50:55 Listeners.java INFO  [main] testbase.TestBase 15 - testcase ready to start with nameverifyname
]]></system-out>
    <system-err><![CDATA[Starting ChromeDriver 94.0.4606.41 (333e85df3c9b656b518b5f1add5ff246365b6c24-refs/branch-heads/4606@{#845}) on port 33500
Only local connections are allowed.
Please see https://chromedriver.chromium.org/security-considerations for suggestions on keeping ChromeDriver safe.
ChromeDriver was started successfully.
Dec 11, 2021 6:50:27 AM org.openqa.selenium.remote.ProtocolHandshake createSession
INFO: Detected dialect: W3C
]]></system-err>
  </testcase>
  <testcase name="verifyadd" classname="com.test.Test1" time="0.978">
    <system-out><![CDATA[12-11-2021 06:51:03 Listeners.java INFO  [main] testbase.TestBase 20 - testcase pass succesfully with nameverifyname
12-11-2021 06:51:03 Listeners.java INFO  [main] testbase.TestBase 15 - testcase ready to start with nameverifyadd
]]></system-out>
  </testcase>
  <testcase name="verifymailphone" classname="com.test.Test1" time="1.741">
    <system-out><![CDATA[12-11-2021 06:51:04 Listeners.java INFO  [main] testbase.TestBase 20 - testcase pass succesfully with nameverifyadd
12-11-2021 06:51:04 Listeners.java INFO  [main] testbase.TestBase 15 - testcase ready to start with nameverifymailphone
]]></system-out>
  </testcase>
  <testcase name="verifymaicheck" classname="com.test.Test1" time="3.577">
    <system-out><![CDATA[12-11-2021 06:51:06 Listeners.java INFO  [main] testbase.TestBase 20 - testcase pass succesfully with nameverifymailphone
12-11-2021 06:51:06 Listeners.java INFO  [main] testbase.TestBase 15 - testcase ready to start with nameverifymaicheck
]]></system-out>
  </testcase>
  <testcase name="verifytext" classname="com.test.Test1" time="1.794">
    <system-out><![CDATA[12-11-2021 06:51:10 Listeners.java INFO  [main] testbase.TestBase 20 - testcase pass succesfully with nameverifymaicheck
12-11-2021 06:51:10 Listeners.java INFO  [main] testbase.TestBase 15 - testcase ready to start with nameverifytext
select option done
]]></system-out>
  </testcase>
  <testcase name="verifypass" classname="com.test.Test1" time="0.366">
    <system-out><![CDATA[12-11-2021 06:51:11 Listeners.java INFO  [main] testbase.TestBase 20 - testcase pass succesfully with nameverifytext
12-11-2021 06:51:11 Listeners.java INFO  [main] testbase.TestBase 15 - testcase ready to start with nameverifypass
]]></system-out>
  </testcase>
  <testcase name="verifycpass" classname="com.test.Test1" time="0.341">
    <system-out><![CDATA[12-11-2021 06:51:12 Listeners.java INFO  [main] testbase.TestBase 20 - testcase pass succesfully with nameverifypass
12-11-2021 06:51:12 Listeners.java INFO  [main] testbase.TestBase 15 - testcase ready to start with nameverifycpass
]]></system-out>
  </testcase>
  <testcase name="verifycount" classname="com.test.Test1" time="4.356">
    <system-out><![CDATA[12-11-2021 06:51:12 Listeners.java INFO  [main] testbase.TestBase 20 - testcase pass succesfully with nameverifycpass
12-11-2021 06:51:12 Listeners.java INFO  [main] testbase.TestBase 15 - testcase ready to start with nameverifycount
78
Select Skills
Adobe InDesign
Adobe Photoshop
Analytics
Android
APIs
Art Design
AutoCAD
Backup Management
C
C++
Certifications
Client Server
Client Support
Configuration
Content Managment
Content Management Systems (CMS)
Corel Draw
Corel Word Perfect
CSS
Data Analytics
Desktop Publishing
Design
Diagnostics
Documentation
End User Support
Email
Engineering
Excel
FileMaker Pro
Fortran
HTML
Implementation
Installation
Internet
iOS
iPhone
Linux
Java
Javascript
Mac
Matlab
Maya
Microsoft Excel
Microsoft Office
Microsoft Outlook
Microsoft Publisher
Microsoft Word
Microsoft Visual
Mobile
MySQL
Networks
Open Source Software
Oracle
Perl
PHP
Presentations
Processing
Programming
PT Modeler
Python
QuickBooks
Ruby
Shade
Software
Spreadsheet
SQL
Support
Systems Administration
Tech Support
Troubleshooting
Unix
UI / UX
Web Page Design
Windows
Word Processing
XML
XHTML
]]></system-out>
  </testcase>
  <testcase name="verifyimage" classname="com.test.Test1" time="0.117">
    <system-out><![CDATA[12-11-2021 06:51:16 Listeners.java INFO  [main] testbase.TestBase 20 - testcase pass succesfully with nameverifycount
12-11-2021 06:51:16 Listeners.java INFO  [main] testbase.TestBase 15 - testcase ready to start with nameverifyimage
]]></system-out>
  </testcase>
  <testcase name="verifyclick" classname="com.test.Test1" time="7.977">
    <system-out><![CDATA[12-11-2021 06:51:17 Listeners.java INFO  [main] testbase.TestBase 20 - testcase pass succesfully with nameverifyimage
12-11-2021 06:51:17 Listeners.java INFO  [main] testbase.TestBase 15 - testcase ready to start with nameverifyclick
]]></system-out>
  </testcase>
</testsuite>